<?xml version="1.0" encoding="utf-8"?><testsuites name="pytest tests"><testsuite name="pytest" errors="0" failures="0" skipped="0" tests="21" time="5.207" timestamp="2026-04-26T08:18:54.391084+00:00" hostname="agent-env-d4e34aca-6909-45f2-93c6-10cb7b8cf23e"><testcase classname="tests.backend_test" name="test_health" time="0.136" /><testcase classname="tests.backend_test" name="test_google_login_url" time="0.149" /><testcase classname="tests.backend_test" name="test_callback_error_redirect" time="0.134" /><testcase classname="tests.backend_test" name="test_callback_invalid_state" time="0.107" /><testcase classname="tests.backend_test" name="test_no_auth_returns_401[/api/auth/me]" time="0.136" /><testcase classname="tests.backend_test" name="test_no_auth_returns_401[/api/tasks]" time="0.153" /><testcase classname="tests.backend_test" name="test_no_auth_returns_401[/api/stats]" time="0.112" /><testcase classname="tests.backend_test" name="test_no_auth_returns_401[/api/preferences]" time="0.103" /><testcase classname="tests.backend_test" name="test_no_auth_returns_401[/api/emails]" time="0.097" /><testcase classname="tests.backend_test" name="test_invalid_token_returns_401[/api/auth/me]" time="0.136" /><testcase classname="tests.backend_test" name="test_invalid_token_returns_401[/api/tasks]" time="0.134" /><testcase classname="tests.backend_test" name="test_invalid_token_returns_401[/api/stats]" time="0.100" /><testcase classname="tests.backend_test" name="test_invalid_token_returns_401[/api/preferences]" time="0.114" /><testcase classname="tests.backend_test" name="test_me_with_fake_session" time="0.158" /><testcase classname="tests.backend_test" name="test_tasks_empty_initially" time="0.104" /><testcase classname="tests.backend_test" name="test_stats_zero_initially" time="0.103" /><testcase classname="tests.backend_test" name="test_task_crud_flow" time="0.671" /><testcase classname="tests.backend_test" name="test_preferences_defaults_and_update" time="0.342" /><testcase classname="tests.backend_test" name="test_logout_invalidates_session" time="0.336" /><testcase classname="tests.backend_test" name="test_module_imports" time="1.624" /><testcase classname="tests.backend_test" name="test_emails_requires_auth" time="0.101" /></testsuite></testsuites>